0 info it worked if it ends with ok
1 verbose cli [ '/usr/local/bin/node', '/usr/local/bin/npm', 'run', 'build' ]
2 info using npm@6.4.1
3 info using node@v8.11.1
4 verbose run-script [ 'prebuild', 'build', 'postbuild' ]
5 info lifecycle gdoh@0.1.0~prebuild: gdoh@0.1.0
6 info lifecycle gdoh@0.1.0~build: gdoh@0.1.0
7 verbose lifecycle gdoh@0.1.0~build: unsafe-perm in lifecycle true
8 verbose lifecycle gdoh@0.1.0~build: PATH: /usr/local/lib/node_modules/npm/node_modules/npm-lifecycle/node-gyp-bin:/Users/siyabusacharlie/Desktop/React Apps/gdoh/node_modules/.bin:/usr/local/bin:/usr/bin:/bin:/usr/sbin:/sbin:/usr/local/share/dotnet:~/.dotnet/tools:/Library/Frameworks/Mono.framework/Versions/Current/Commands:/Applications/Wireshark.app/Contents/MacOS:/Applications/Xamarin Workbooks.app/Contents/SharedSupport/path-bin
9 verbose lifecycle gdoh@0.1.0~build: CWD: /Users/siyabusacharlie/Desktop/React Apps/gdoh
10 silly lifecycle gdoh@0.1.0~build: Args: [ '-c', 'react-scripts build' ]
11 silly lifecycle gdoh@0.1.0~build: Returned: code: 1  signal: null
12 info lifecycle gdoh@0.1.0~build: Failed to exec build script
13 verbose stack Error: gdoh@0.1.0 build: `react-scripts build`
13 verbose stack Exit status 1
13 verbose stack     at EventEmitter.<anonymous> (/usr/local/lib/node_modules/npm/node_modules/npm-lifecycle/index.js:301:16)
13 verbose stack     at emitTwo (events.js:126:13)
13 verbose stack     at EventEmitter.emit (events.js:214:7)
13 verbose stack     at ChildProcess.<anonymous> (/usr/local/lib/node_modules/npm/node_modules/npm-lifecycle/lib/spawn.js:55:14)
13 verbose stack     at emitTwo (events.js:126:13)
13 verbose stack     at ChildProcess.emit (events.js:214:7)
13 verbose stack     at maybeClose (internal/child_process.js:925:16)
13 verbose stack     at Process.ChildProcess._handle.onexit (internal/child_process.js:209:5)
14 verbose pkgid gdoh@0.1.0
15 verbose cwd /Users/siyabusacharlie/Desktop/React Apps/gdoh
16 verbose Darwin 17.7.0
17 verbose argv "/usr/local/bin/node" "/usr/local/bin/npm" "run" "build"
18 verbose node v8.11.1
19 verbose npm  v6.4.1
20 error code ELIFECYCLE
21 error errno 1
22 error gdoh@0.1.0 build: `react-scripts build`
22 error Exit status 1
23 error Failed at the gdoh@0.1.0 build script.
23 error This is probably not a problem with npm. There is likely additional logging output above.
24 verbose exit [ 1, true ]
